INFO  @ Thu, 30 Aug 2018 20:33:08: 
# Command line: callpeak -t /oak/stanford/groups/akundaje/manyu/DNAseSeq_data/2018-08-11-Arabidopsis-DNAse/03-Arabidopsis-DNAse-GSE53324/DS20201_PE_DNaseI-seq_seed_coat_cell_4DPA-GSM1289378/all.1x36mers.unique.pseudoRep1.bam -f BAM -n /oak/stanford/groups/akundaje/manyu/DNAseSeq_data/2018-08-11-Arabidopsis-DNAse/03-Arabidopsis-DNAse-GSE53324/DS20201_PE_DNaseI-seq_seed_coat_cell_4DPA-GSM1289378/macs.pr1 -g hs -p 0.01 --nomodel --shift -75 --extsize 150 -B --SPMR --keep-dup all --call-summits
# ARGUMENTS LIST:
# name = /oak/stanford/groups/akundaje/manyu/DNAseSeq_data/2018-08-11-Arabidopsis-DNAse/03-Arabidopsis-DNAse-GSE53324/DS20201_PE_DNaseI-seq_seed_coat_cell_4DPA-GSM1289378/macs.pr1
# format = BAM
# ChIP-seq file = ['/oak/stanford/groups/akundaje/manyu/DNAseSeq_data/2018-08-11-Arabidopsis-DNAse/03-Arabidopsis-DNAse-GSE53324/DS20201_PE_DNaseI-seq_seed_coat_cell_4DPA-GSM1289378/all.1x36mers.unique.pseudoRep1.bam']
# control file = None
# effective genome size = 2.70e+09
# band width = 300
# model fold = [5, 50]
# pvalue cutoff = 1.00e-02
# qvalue will not be calculated and reported as -1 in the final output.
# Larger dataset will be scaled towards smaller dataset.
# Range for calculating regional lambda is: 10000 bps
# Broad region calling is off
# Paired-End mode is off
# Searching for subpeak summits is on
# MACS will save fragment pileup signal per million reads
 
INFO  @ Thu, 30 Aug 2018 20:33:08: #1 read tag files... 
INFO  @ Thu, 30 Aug 2018 20:33:08: #1 read treatment tags... 
INFO  @ Thu, 30 Aug 2018 20:33:11:  1000000 
INFO  @ Thu, 30 Aug 2018 20:33:14:  2000000 
INFO  @ Thu, 30 Aug 2018 20:33:17:  3000000 
INFO  @ Thu, 30 Aug 2018 20:33:20:  4000000 
INFO  @ Thu, 30 Aug 2018 20:33:24:  5000000 
INFO  @ Thu, 30 Aug 2018 20:33:27:  6000000 
INFO  @ Thu, 30 Aug 2018 20:33:30: #1 tag size is determined as 36 bps 
INFO  @ Thu, 30 Aug 2018 20:33:30: #1 tag size = 36 
INFO  @ Thu, 30 Aug 2018 20:33:30: #1  total tags in treatment: 6936728 
INFO  @ Thu, 30 Aug 2018 20:33:30: #1 finished! 
INFO  @ Thu, 30 Aug 2018 20:33:30: #2 Build Peak Model... 
INFO  @ Thu, 30 Aug 2018 20:33:30: #2 Skipped... 
INFO  @ Thu, 30 Aug 2018 20:33:30: #2 Sequencing ends will be shifted towards 5' by 75 bp(s) 
INFO  @ Thu, 30 Aug 2018 20:33:30: #2 Use 150 as fragment length 
INFO  @ Thu, 30 Aug 2018 20:33:30: #3 Call peaks... 
INFO  @ Thu, 30 Aug 2018 20:33:30: #3 Going to call summits inside each peak ... 
INFO  @ Thu, 30 Aug 2018 20:33:30: #3 Call peaks with given -log10pvalue cutoff: 2.00000 ... 
INFO  @ Thu, 30 Aug 2018 20:33:30: #3 Pre-compute pvalue-qvalue table... 
INFO  @ Thu, 30 Aug 2018 20:33:44: #3 In the peak calling step, the following will be performed simultaneously: 
INFO  @ Thu, 30 Aug 2018 20:33:44: #3   Write bedGraph files for treatment pileup (after scaling if necessary)... /oak/stanford/groups/akundaje/manyu/DNAseSeq_data/2018-08-11-Arabidopsis-DNAse/03-Arabidopsis-DNAse-GSE53324/DS20201_PE_DNaseI-seq_seed_coat_cell_4DPA-GSM1289378/macs.pr1_treat_pileup.bdg 
INFO  @ Thu, 30 Aug 2018 20:33:44: #3   Write bedGraph files for control lambda (after scaling if necessary)... /oak/stanford/groups/akundaje/manyu/DNAseSeq_data/2018-08-11-Arabidopsis-DNAse/03-Arabidopsis-DNAse-GSE53324/DS20201_PE_DNaseI-seq_seed_coat_cell_4DPA-GSM1289378/macs.pr1_control_lambda.bdg 
INFO  @ Thu, 30 Aug 2018 20:33:44: #3   --SPMR is requested, so pileup will be normalized by sequencing depth in million reads. 
INFO  @ Thu, 30 Aug 2018 20:33:44: #3 Call peaks for each chromosome... 
