INFO  @ Thu, 30 Aug 2018 20:33:39: 
# Command line: callpeak -t /oak/stanford/groups/akundaje/manyu/DNAseSeq_data/2018-08-11-Arabidopsis-DNAse/03-Arabidopsis-DNAse-GSE53324/DS21511_DNaseI-seq_whole_root_7_day-GSM1289374/all.1x36mers.unique.pseudoRep1.bam -f BAM -n /oak/stanford/groups/akundaje/manyu/DNAseSeq_data/2018-08-11-Arabidopsis-DNAse/03-Arabidopsis-DNAse-GSE53324/DS21511_DNaseI-seq_whole_root_7_day-GSM1289374/macs.pr1 -g hs -p 0.01 --nomodel --shift -75 --extsize 150 -B --SPMR --keep-dup all --call-summits
# ARGUMENTS LIST:
# name = /oak/stanford/groups/akundaje/manyu/DNAseSeq_data/2018-08-11-Arabidopsis-DNAse/03-Arabidopsis-DNAse-GSE53324/DS21511_DNaseI-seq_whole_root_7_day-GSM1289374/macs.pr1
# format = BAM
# ChIP-seq file = ['/oak/stanford/groups/akundaje/manyu/DNAseSeq_data/2018-08-11-Arabidopsis-DNAse/03-Arabidopsis-DNAse-GSE53324/DS21511_DNaseI-seq_whole_root_7_day-GSM1289374/all.1x36mers.unique.pseudoRep1.bam']
# control file = None
# effective genome size = 2.70e+09
# band width = 300
# model fold = [5, 50]
# pvalue cutoff = 1.00e-02
# qvalue will not be calculated and reported as -1 in the final output.
# Larger dataset will be scaled towards smaller dataset.
# Range for calculating regional lambda is: 10000 bps
# Broad region calling is off
# Paired-End mode is off
# Searching for subpeak summits is on
# MACS will save fragment pileup signal per million reads
 
INFO  @ Thu, 30 Aug 2018 20:33:39: #1 read tag files... 
INFO  @ Thu, 30 Aug 2018 20:33:39: #1 read treatment tags... 
INFO  @ Thu, 30 Aug 2018 20:33:43:  1000000 
INFO  @ Thu, 30 Aug 2018 20:33:46:  2000000 
INFO  @ Thu, 30 Aug 2018 20:33:49:  3000000 
INFO  @ Thu, 30 Aug 2018 20:33:52:  4000000 
INFO  @ Thu, 30 Aug 2018 20:33:55:  5000000 
INFO  @ Thu, 30 Aug 2018 20:33:58:  6000000 
INFO  @ Thu, 30 Aug 2018 20:34:01:  7000000 
INFO  @ Thu, 30 Aug 2018 20:34:04:  8000000 
INFO  @ Thu, 30 Aug 2018 20:34:07:  9000000 
INFO  @ Thu, 30 Aug 2018 20:34:09: #1 tag size is determined as 36 bps 
INFO  @ Thu, 30 Aug 2018 20:34:09: #1 tag size = 36 
INFO  @ Thu, 30 Aug 2018 20:34:09: #1  total tags in treatment: 9483711 
INFO  @ Thu, 30 Aug 2018 20:34:09: #1 finished! 
INFO  @ Thu, 30 Aug 2018 20:34:09: #2 Build Peak Model... 
INFO  @ Thu, 30 Aug 2018 20:34:09: #2 Skipped... 
INFO  @ Thu, 30 Aug 2018 20:34:09: #2 Sequencing ends will be shifted towards 5' by 75 bp(s) 
INFO  @ Thu, 30 Aug 2018 20:34:09: #2 Use 150 as fragment length 
INFO  @ Thu, 30 Aug 2018 20:34:09: #3 Call peaks... 
INFO  @ Thu, 30 Aug 2018 20:34:09: #3 Going to call summits inside each peak ... 
INFO  @ Thu, 30 Aug 2018 20:34:09: #3 Call peaks with given -log10pvalue cutoff: 2.00000 ... 
INFO  @ Thu, 30 Aug 2018 20:34:09: #3 Pre-compute pvalue-qvalue table... 
