INFO  @ Thu, 30 Aug 2018 20:32:30: 
# Command line: callpeak -t /oak/stanford/groups/akundaje/manyu/DNAseSeq_data/2018-08-11-Arabidopsis-DNAse/01-Arabidopsis-DNAse-GSE53322/DS20423_SE_DNaseI-seq_7_day_old_seedling_Heat_Shock-GSM1289360/all.1x36mers.unique.pseudoRep1.bam -f BAM -n /oak/stanford/groups/akundaje/manyu/DNAseSeq_data/2018-08-11-Arabidopsis-DNAse/01-Arabidopsis-DNAse-GSE53322/DS20423_SE_DNaseI-seq_7_day_old_seedling_Heat_Shock-GSM1289360/macs.pr1 -g hs -p 0.01 --nomodel --shift -75 --extsize 150 -B --SPMR --keep-dup all --call-summits
# ARGUMENTS LIST:
# name = /oak/stanford/groups/akundaje/manyu/DNAseSeq_data/2018-08-11-Arabidopsis-DNAse/01-Arabidopsis-DNAse-GSE53322/DS20423_SE_DNaseI-seq_7_day_old_seedling_Heat_Shock-GSM1289360/macs.pr1
# format = BAM
# ChIP-seq file = ['/oak/stanford/groups/akundaje/manyu/DNAseSeq_data/2018-08-11-Arabidopsis-DNAse/01-Arabidopsis-DNAse-GSE53322/DS20423_SE_DNaseI-seq_7_day_old_seedling_Heat_Shock-GSM1289360/all.1x36mers.unique.pseudoRep1.bam']
# control file = None
# effective genome size = 2.70e+09
# band width = 300
# model fold = [5, 50]
# pvalue cutoff = 1.00e-02
# qvalue will not be calculated and reported as -1 in the final output.
# Larger dataset will be scaled towards smaller dataset.
# Range for calculating regional lambda is: 10000 bps
# Broad region calling is off
# Paired-End mode is off
# Searching for subpeak summits is on
# MACS will save fragment pileup signal per million reads
 
INFO  @ Thu, 30 Aug 2018 20:32:30: #1 read tag files... 
INFO  @ Thu, 30 Aug 2018 20:32:30: #1 read treatment tags... 
INFO  @ Thu, 30 Aug 2018 20:32:33:  1000000 
INFO  @ Thu, 30 Aug 2018 20:32:36:  2000000 
INFO  @ Thu, 30 Aug 2018 20:32:39:  3000000 
INFO  @ Thu, 30 Aug 2018 20:32:42:  4000000 
INFO  @ Thu, 30 Aug 2018 20:32:45:  5000000 
INFO  @ Thu, 30 Aug 2018 20:32:48: #1 tag size is determined as 36 bps 
INFO  @ Thu, 30 Aug 2018 20:32:48: #1 tag size = 36 
INFO  @ Thu, 30 Aug 2018 20:32:48: #1  total tags in treatment: 5819919 
INFO  @ Thu, 30 Aug 2018 20:32:48: #1 finished! 
INFO  @ Thu, 30 Aug 2018 20:32:48: #2 Build Peak Model... 
INFO  @ Thu, 30 Aug 2018 20:32:48: #2 Skipped... 
INFO  @ Thu, 30 Aug 2018 20:32:48: #2 Sequencing ends will be shifted towards 5' by 75 bp(s) 
INFO  @ Thu, 30 Aug 2018 20:32:48: #2 Use 150 as fragment length 
INFO  @ Thu, 30 Aug 2018 20:32:48: #3 Call peaks... 
INFO  @ Thu, 30 Aug 2018 20:32:48: #3 Going to call summits inside each peak ... 
INFO  @ Thu, 30 Aug 2018 20:32:48: #3 Call peaks with given -log10pvalue cutoff: 2.00000 ... 
INFO  @ Thu, 30 Aug 2018 20:32:48: #3 Pre-compute pvalue-qvalue table... 
INFO  @ Thu, 30 Aug 2018 20:33:15: #3 In the peak calling step, the following will be performed simultaneously: 
INFO  @ Thu, 30 Aug 2018 20:33:15: #3   Write bedGraph files for treatment pileup (after scaling if necessary)... /oak/stanford/groups/akundaje/manyu/DNAseSeq_data/2018-08-11-Arabidopsis-DNAse/01-Arabidopsis-DNAse-GSE53322/DS20423_SE_DNaseI-seq_7_day_old_seedling_Heat_Shock-GSM1289360/macs.pr1_treat_pileup.bdg 
INFO  @ Thu, 30 Aug 2018 20:33:15: #3   Write bedGraph files for control lambda (after scaling if necessary)... /oak/stanford/groups/akundaje/manyu/DNAseSeq_data/2018-08-11-Arabidopsis-DNAse/01-Arabidopsis-DNAse-GSE53322/DS20423_SE_DNaseI-seq_7_day_old_seedling_Heat_Shock-GSM1289360/macs.pr1_control_lambda.bdg 
INFO  @ Thu, 30 Aug 2018 20:33:15: #3   --SPMR is requested, so pileup will be normalized by sequencing depth in million reads. 
INFO  @ Thu, 30 Aug 2018 20:33:15: #3 Call peaks for each chromosome... 
INFO  @ Thu, 30 Aug 2018 20:33:39: #4 Write output xls file... /oak/stanford/groups/akundaje/manyu/DNAseSeq_data/2018-08-11-Arabidopsis-DNAse/01-Arabidopsis-DNAse-GSE53322/DS20423_SE_DNaseI-seq_7_day_old_seedling_Heat_Shock-GSM1289360/macs.pr1_peaks.xls 
INFO  @ Thu, 30 Aug 2018 20:33:39: #4 Write peak in narrowPeak format file... /oak/stanford/groups/akundaje/manyu/DNAseSeq_data/2018-08-11-Arabidopsis-DNAse/01-Arabidopsis-DNAse-GSE53322/DS20423_SE_DNaseI-seq_7_day_old_seedling_Heat_Shock-GSM1289360/macs.pr1_peaks.narrowPeak 
INFO  @ Thu, 30 Aug 2018 20:33:39: #4 Write summits bed file... /oak/stanford/groups/akundaje/manyu/DNAseSeq_data/2018-08-11-Arabidopsis-DNAse/01-Arabidopsis-DNAse-GSE53322/DS20423_SE_DNaseI-seq_7_day_old_seedling_Heat_Shock-GSM1289360/macs.pr1_summits.bed 
INFO  @ Thu, 30 Aug 2018 20:33:39: Done! 
INFO  @ Thu, 30 Aug 2018 20:33:40: 
# Command line: callpeak -t /oak/stanford/groups/akundaje/manyu/DNAseSeq_data/2018-08-11-Arabidopsis-DNAse/01-Arabidopsis-DNAse-GSE53322/DS20423_SE_DNaseI-seq_7_day_old_seedling_Heat_Shock-GSM1289360/all.1x36mers.unique.pseudoRep2.bam -f BAM -n /oak/stanford/groups/akundaje/manyu/DNAseSeq_data/2018-08-11-Arabidopsis-DNAse/01-Arabidopsis-DNAse-GSE53322/DS20423_SE_DNaseI-seq_7_day_old_seedling_Heat_Shock-GSM1289360/macs.pr2 -g hs -p 0.01 --nomodel --shift -75 --extsize 150 -B --SPMR --keep-dup all --call-summits
# ARGUMENTS LIST:
# name = /oak/stanford/groups/akundaje/manyu/DNAseSeq_data/2018-08-11-Arabidopsis-DNAse/01-Arabidopsis-DNAse-GSE53322/DS20423_SE_DNaseI-seq_7_day_old_seedling_Heat_Shock-GSM1289360/macs.pr2
# format = BAM
# ChIP-seq file = ['/oak/stanford/groups/akundaje/manyu/DNAseSeq_data/2018-08-11-Arabidopsis-DNAse/01-Arabidopsis-DNAse-GSE53322/DS20423_SE_DNaseI-seq_7_day_old_seedling_Heat_Shock-GSM1289360/all.1x36mers.unique.pseudoRep2.bam']
# control file = None
# effective genome size = 2.70e+09
# band width = 300
# model fold = [5, 50]
# pvalue cutoff = 1.00e-02
# qvalue will not be calculated and reported as -1 in the final output.
# Larger dataset will be scaled towards smaller dataset.
# Range for calculating regional lambda is: 10000 bps
# Broad region calling is off
# Paired-End mode is off
# Searching for subpeak summits is on
# MACS will save fragment pileup signal per million reads
 
INFO  @ Thu, 30 Aug 2018 20:33:40: #1 read tag files... 
INFO  @ Thu, 30 Aug 2018 20:33:40: #1 read treatment tags... 
INFO  @ Thu, 30 Aug 2018 20:33:43:  1000000 
INFO  @ Thu, 30 Aug 2018 20:33:46:  2000000 
INFO  @ Thu, 30 Aug 2018 20:33:49:  3000000 
INFO  @ Thu, 30 Aug 2018 20:33:52:  4000000 
INFO  @ Thu, 30 Aug 2018 20:33:56:  5000000 
INFO  @ Thu, 30 Aug 2018 20:33:58: #1 tag size is determined as 36 bps 
INFO  @ Thu, 30 Aug 2018 20:33:58: #1 tag size = 36 
INFO  @ Thu, 30 Aug 2018 20:33:58: #1  total tags in treatment: 5817085 
INFO  @ Thu, 30 Aug 2018 20:33:58: #1 finished! 
INFO  @ Thu, 30 Aug 2018 20:33:58: #2 Build Peak Model... 
INFO  @ Thu, 30 Aug 2018 20:33:58: #2 Skipped... 
INFO  @ Thu, 30 Aug 2018 20:33:58: #2 Sequencing ends will be shifted towards 5' by 75 bp(s) 
INFO  @ Thu, 30 Aug 2018 20:33:58: #2 Use 150 as fragment length 
INFO  @ Thu, 30 Aug 2018 20:33:58: #3 Call peaks... 
INFO  @ Thu, 30 Aug 2018 20:33:58: #3 Going to call summits inside each peak ... 
INFO  @ Thu, 30 Aug 2018 20:33:58: #3 Call peaks with given -log10pvalue cutoff: 2.00000 ... 
INFO  @ Thu, 30 Aug 2018 20:33:58: #3 Pre-compute pvalue-qvalue table... 
